start time: 2019-06-21 11:25:05.332172
gpus:  1
dataset colors-3
data_dir ./data
epochs 300
batch_size 32
lr 0.001
lr_decay_step [280]
wdecay 0.0001
dropout 0.0
filters [64, 64]
filter_scale 2
n_hidden 0
aggregation mean
readout sum
kl_weight 100
pool ['attn', 'sup', 'threshold', 'skip', '0.05']
pool_arch ['fc', 'prev']
n_nodes 25
cv_folds 5
img_features ['mean', 'coord']
img_noise_levels [0.4, 0.6]
validation False
debug False
eval_attn_train False
eval_attn_test False
test_batch_size 100
alpha_ws None
log_interval 400
results ./checkpoints/
resume None
device cuda
seed 111
threads 0
experiment_ID:  332172
train Adj_matrices 500
train GT_attn 500
train graph_labels 500
train node_features 500
train N_edges 500
N nodes avg/std/min/max: 	14.26/6.22/4/25
N edges avg/std/min/max: 	20.87/10.49/4/48
Node degree avg/std/min/max: 	2.93/1.53/0/9
Node features dim: 		4
N classes: 			11
Correlation of labels with graph size: 	0.18
Classes: 			[ 0  1  2  3  4  5  6  7  8  9 10]
Class 0: 			58 samples, N_nodes: avg/std/min/max: 	12.90/6.79/4/25
Class 1: 			56 samples, N_nodes: avg/std/min/max: 	14.00/6.55/4/25
Class 2: 			52 samples, N_nodes: avg/std/min/max: 	14.46/7.10/4/25
Class 3: 			56 samples, N_nodes: avg/std/min/max: 	11.86/5.95/4/25
Class 4: 			53 samples, N_nodes: avg/std/min/max: 	13.55/6.16/4/25
Class 5: 			49 samples, N_nodes: avg/std/min/max: 	14.73/6.38/5/25
Class 6: 			49 samples, N_nodes: avg/std/min/max: 	13.57/4.98/6/23
Class 7: 			30 samples, N_nodes: avg/std/min/max: 	15.37/5.64/7/25
Class 8: 			33 samples, N_nodes: avg/std/min/max: 	17.24/4.91/9/24
Class 9: 			35 samples, N_nodes: avg/std/min/max: 	16.11/4.90/9/25
Class 10: 			29 samples, N_nodes: avg/std/min/max: 	16.66/4.95/10/25
test Adj_matrices 7500
test GT_attn 7500
test graph_labels 7500
test node_features 7500
test N_edges 7500
N nodes avg/std/min/max: 	80.64/62.43/4/200
N edges avg/std/min/max: 	120.95/98.42/4/396
Node degree avg/std/min/max: 	3.00/1.78/0/14
Node features dim: 		4
N classes: 			11
Correlation of labels with graph size: 	0.06
Classes: 			[ 0  1  2  3  4  5  6  7  8  9 10]
Class 0: 			730 samples, N_nodes: avg/std/min/max: 	76.34/62.01/4/200
Class 1: 			699 samples, N_nodes: avg/std/min/max: 	77.19/63.03/4/200
Class 2: 			706 samples, N_nodes: avg/std/min/max: 	77.07/62.79/4/200
Class 3: 			699 samples, N_nodes: avg/std/min/max: 	75.73/62.78/4/200
Class 4: 			717 samples, N_nodes: avg/std/min/max: 	77.32/62.59/4/200
Class 5: 			697 samples, N_nodes: avg/std/min/max: 	81.44/63.24/5/200
Class 6: 			687 samples, N_nodes: avg/std/min/max: 	82.32/61.91/6/200
Class 7: 			690 samples, N_nodes: avg/std/min/max: 	82.41/61.77/7/200
Class 8: 			638 samples, N_nodes: avg/std/min/max: 	84.81/62.83/8/200
Class 9: 			641 samples, N_nodes: avg/std/min/max: 	85.45/61.25/9/200
Class 10: 			596 samples, N_nodes: avg/std/min/max: 	89.37/60.59/10/200
ChebyGINLayer torch.Size([64, 8]) tensor([0.5559, 0.4973, 0.4914, 0.5325, 0.4516, 0.5541, 0.7513, 0.6097, 0.5125,
        0.5658], grad_fn=<SliceBackward>)
p values [1.6987544 1.8931342 0.6896918 0.6915584]
cos_sim 0.7183445692062378
ChebyGINLayer torch.Size([64, 128]) tensor([0.5802, 0.6011, 0.5512, 0.5655, 0.5777, 0.6048, 0.6076, 0.5824, 0.5716,
        0.5790], grad_fn=<SliceBackward>)
ChebyGIN(
  (graph_layers): Sequential(
    (0): ChebyGINLayer(in_features=4, out_features=64, K=2, n_hidden=0, aggregation=mean)
    fc=Sequential(
      (0): Linear(in_features=8, out_features=64, bias=True)
      (1): ReLU(inplace)
    )
    (1): AttentionPooling(pool_type=['attn', 'sup', 'threshold', '0.05'], pool_arch=['fc', 'prev'], topk=False, kl_weight=100.0, proj=Linear(in_features=4, out_features=1, bias=False))
    (2): ChebyGINLayer(in_features=64, out_features=64, K=2, n_hidden=0, aggregation=mean)
    fc=Sequential(
      (0): Linear(in_features=128, out_features=64, bias=True)
      (1): ReLU(inplace)
    )
    (3): GraphReadout(sum)
  )
  (fc): Sequential(
    (0): Linear(in_features=64, out_features=1, bias=True)
  )
)
model capacity: 8901
model is checked for nodes shuffling
Train set (epoch 1): [500/500 (100%)]	Loss: 25.5298 (avg: 30.9433), other losses: ['5.5068']	Acc metric: 64/500 (12.80%)	 AttnAUC: ['84.71']	 avg sec/iter: 0.0072


saving the model to ./checkpoints//checkpoint_colors-3_332172_epoch1_seed0000111.pth.tar
model is checked for nodes shuffling
lbl: 0, avg acc: 6.90% (4/58)
lbl: 1, avg acc: 94.64% (53/56)
lbl: 2, avg acc: 0.00% (0/52)
lbl: 3, avg acc: 0.00% (0/56)
lbl: 4, avg acc: 0.00% (0/53)
lbl: 5, avg acc: 0.00% (0/49)
lbl: 6, avg acc: 0.00% (0/49)
lbl: 7, avg acc: 0.00% (0/30)
lbl: 8, avg acc: 0.00% (0/33)
lbl: 9, avg acc: 0.00% (0/35)
lbl: 10, avg acc: 0.00% (0/29)
0 <= N_nodes <= 25 (min=4, max=25), avg acc: 11.40% (57/500)
Train set (epoch 1): Avg loss: 21.5497, Acc metric: 57/500 (11.40%)	 AttnAUC: ['85.22']	 avg sec/iter: 0.0312

model is checked for nodes shuffling
lbl: 0, avg acc: 9.54% (25/262)
lbl: 1, avg acc: 95.18% (237/249)
lbl: 2, avg acc: 0.00% (0/258)
lbl: 3, avg acc: 0.00% (0/259)
lbl: 4, avg acc: 0.00% (0/269)
lbl: 5, avg acc: 0.00% (0/236)
lbl: 6, avg acc: 0.00% (0/212)
lbl: 7, avg acc: 0.00% (0/218)
lbl: 8, avg acc: 0.00% (0/196)
lbl: 9, avg acc: 0.00% (0/192)
lbl: 10, avg acc: 0.00% (0/149)
0 <= N_nodes <= 25 (min=4, max=25), avg acc: 10.48% (262/2500)
lbl: 0, avg acc: 96.46% (218/226)
lbl: 1, avg acc: 0.93% (2/216)
lbl: 2, avg acc: 0.00% (0/223)
lbl: 3, avg acc: 0.00% (0/237)
lbl: 4, avg acc: 0.00% (0/229)
lbl: 5, avg acc: 0.00% (0/231)
lbl: 6, avg acc: 0.00% (0/240)
lbl: 7, avg acc: 0.00% (0/242)
lbl: 8, avg acc: 0.00% (0/213)
lbl: 9, avg acc: 0.00% (0/221)
lbl: 10, avg acc: 0.00% (0/222)
26 <= N_nodes <= 200 (min=26, max=200), avg acc: 8.80% (220/2500)
lbl: 0, avg acc: 96.28% (233/242)
lbl: 1, avg acc: 2.99% (7/234)
lbl: 2, avg acc: 0.00% (0/225)
lbl: 3, avg acc: 0.00% (0/203)
lbl: 4, avg acc: 0.00% (0/219)
lbl: 5, avg acc: 0.00% (0/230)
lbl: 6, avg acc: 0.00% (0/235)
lbl: 7, avg acc: 0.00% (0/230)
lbl: 8, avg acc: 0.00% (0/229)
lbl: 9, avg acc: 0.00% (0/228)
lbl: 10, avg acc: 0.00% (0/225)
26 <= N_nodes <= 200 (min=26, max=200), avg acc: 9.60% (240/2500)
Test set (epoch 1): Avg loss: 30.8586, Acc metric: 722/7500 (9.63%)	 AttnAUC: ['81.33']	 avg sec/iter: 0.0120

Train set (epoch 2): [500/500 (100%)]	Loss: 17.9667 (avg: 23.3472), other losses: ['4.3772']	Acc metric: 49/500 (9.80%)	 AttnAUC: ['85.64']	 avg sec/iter: 0.0052


Train set (epoch 3): [500/500 (100%)]	Loss: 13.2609 (avg: 16.3345), other losses: ['5.5426']	Acc metric: 60/500 (12.00%)	 AttnAUC: ['86.58']	 avg sec/iter: 0.0051


Train set (epoch 4): [500/500 (100%)]	Loss: 12.6443 (avg: 11.7763), other losses: ['5.0521']	Acc metric: 72/500 (14.40%)	 AttnAUC: ['87.51']	 avg sec/iter: 0.0047


Train set (epoch 5): [500/500 (100%)]	Loss: 7.3834 (avg: 9.2891), other losses: ['4.0499']	Acc metric: 91/500 (18.20%)	 AttnAUC: ['88.32']	 avg sec/iter: 0.0047


Train set (epoch 6): [500/500 (100%)]	Loss: 8.0859 (avg: 8.1532), other losses: ['6.3602']	Acc metric: 118/500 (23.60%)	 AttnAUC: ['89.03']	 avg sec/iter: 0.0046


Train set (epoch 7): [500/500 (100%)]	Loss: 5.7351 (avg: 7.6159), other losses: ['4.0022']	Acc metric: 158/500 (31.60%)	 AttnAUC: ['89.68']	 avg sec/iter: 0.0051


Train set (epoch 8): [500/500 (100%)]	Loss: 6.0759 (avg: 7.3125), other losses: ['5.1485']	Acc metric: 159/500 (31.80%)	 AttnAUC: ['90.25']	 avg sec/iter: 0.0052


Train set (epoch 9): [500/500 (100%)]	Loss: 8.4790 (avg: 7.1427), other losses: ['4.7847']	Acc metric: 183/500 (36.60%)	 AttnAUC: ['90.72']	 avg sec/iter: 0.0048


Train set (epoch 10): [500/500 (100%)]	Loss: 6.2787 (avg: 6.8606), other losses: ['3.8252']	Acc metric: 176/500 (35.20%)	 AttnAUC: ['91.19']	 avg sec/iter: 0.0046


Train set (epoch 11): [500/500 (100%)]	Loss: 7.4447 (avg: 6.6611), other losses: ['5.4986']	Acc metric: 165/500 (33.00%)	 AttnAUC: ['91.58']	 avg sec/iter: 0.0048


Train set (epoch 12): [500/500 (100%)]	Loss: 7.1190 (avg: 6.4856), other losses: ['3.5774']	Acc metric: 168/500 (33.60%)	 AttnAUC: ['91.95']	 avg sec/iter: 0.0049


Train set (epoch 13): [500/500 (100%)]	Loss: 5.2171 (avg: 6.2267), other losses: ['3.7726']	Acc metric: 170/500 (34.00%)	 AttnAUC: ['92.28']	 avg sec/iter: 0.0048


Train set (epoch 14): [500/500 (100%)]	Loss: 5.5102 (avg: 6.0680), other losses: ['4.5790']	Acc metric: 167/500 (33.40%)	 AttnAUC: ['92.58']	 avg sec/iter: 0.0049


Train set (epoch 15): [500/500 (100%)]	Loss: 5.3146 (avg: 5.8770), other losses: ['4.0294']	Acc metric: 165/500 (33.00%)	 AttnAUC: ['92.88']	 avg sec/iter: 0.0048


Train set (epoch 16): [500/500 (100%)]	Loss: 5.2961 (avg: 5.7070), other losses: ['4.3066']	Acc metric: 167/500 (33.40%)	 AttnAUC: ['93.12']	 avg sec/iter: 0.0047


Train set (epoch 17): [500/500 (100%)]	Loss: 5.5994 (avg: 5.5015), other losses: ['4.8729']	Acc metric: 182/500 (36.40%)	 AttnAUC: ['93.37']	 avg sec/iter: 0.0059


Train set (epoch 18): [500/500 (100%)]	Loss: 5.8074 (avg: 5.3369), other losses: ['4.2056']	Acc metric: 171/500 (34.20%)	 AttnAUC: ['93.58']	 avg sec/iter: 0.0053


Train set (epoch 19): [500/500 (100%)]	Loss: 4.2400 (avg: 5.1384), other losses: ['3.7827']	Acc metric: 185/500 (37.00%)	 AttnAUC: ['93.78']	 avg sec/iter: 0.0047


Train set (epoch 20): [500/500 (100%)]	Loss: 6.4425 (avg: 5.0239), other losses: ['5.0491']	Acc metric: 202/500 (40.40%)	 AttnAUC: ['93.98']	 avg sec/iter: 0.0045


Train set (epoch 21): [500/500 (100%)]	Loss: 5.3442 (avg: 4.8733), other losses: ['4.4520']	Acc metric: 203/500 (40.60%)	 AttnAUC: ['94.16']	 avg sec/iter: 0.0046


Train set (epoch 22): [500/500 (100%)]	Loss: 5.3918 (avg: 4.7116), other losses: ['4.8188']	Acc metric: 214/500 (42.80%)	 AttnAUC: ['94.34']	 avg sec/iter: 0.0046


Train set (epoch 23): [500/500 (100%)]	Loss: 3.9065 (avg: 4.5539), other losses: ['3.4811']	Acc metric: 236/500 (47.20%)	 AttnAUC: ['94.51']	 avg sec/iter: 0.0048


Train set (epoch 24): [500/500 (100%)]	Loss: 6.0108 (avg: 4.4489), other losses: ['5.1828']	Acc metric: 255/500 (51.00%)	 AttnAUC: ['94.68']	 avg sec/iter: 0.0052


Train set (epoch 25): [500/500 (100%)]	Loss: 2.9246 (avg: 4.2671), other losses: ['2.3850']	Acc metric: 257/500 (51.40%)	 AttnAUC: ['94.83']	 avg sec/iter: 0.0052


Train set (epoch 26): [500/500 (100%)]	Loss: 2.9992 (avg: 4.1417), other losses: ['2.7347']	Acc metric: 259/500 (51.80%)	 AttnAUC: ['94.98']	 avg sec/iter: 0.0049


Train set (epoch 27): [500/500 (100%)]	Loss: 3.8189 (avg: 4.0254), other losses: ['3.3019']	Acc metric: 280/500 (56.00%)	 AttnAUC: ['95.12']	 avg sec/iter: 0.0050


Train set (epoch 28): [500/500 (100%)]	Loss: 3.5534 (avg: 3.9316), other losses: ['3.1543']	Acc metric: 284/500 (56.80%)	 AttnAUC: ['95.26']	 avg sec/iter: 0.0050


Train set (epoch 29): [500/500 (100%)]	Loss: 3.3411 (avg: 3.8136), other losses: ['2.8264']	Acc metric: 300/500 (60.00%)	 AttnAUC: ['95.40']	 avg sec/iter: 0.0052


Train set (epoch 30): [500/500 (100%)]	Loss: 3.4828 (avg: 3.7101), other losses: ['3.1651']	Acc metric: 306/500 (61.20%)	 AttnAUC: ['95.54']	 avg sec/iter: 0.0052


Train set (epoch 31): [500/500 (100%)]	Loss: 3.4447 (avg: 3.6076), other losses: ['3.1309']	Acc metric: 310/500 (62.00%)	 AttnAUC: ['95.66']	 avg sec/iter: 0.0049


Train set (epoch 32): [500/500 (100%)]	Loss: 3.2724 (avg: 3.5289), other losses: ['3.0718']	Acc metric: 328/500 (65.60%)	 AttnAUC: ['95.78']	 avg sec/iter: 0.0048


Train set (epoch 33): [500/500 (100%)]	Loss: 2.8996 (avg: 3.4375), other losses: ['2.5040']	Acc metric: 333/500 (66.60%)	 AttnAUC: ['95.90']	 avg sec/iter: 0.0048


Train set (epoch 34): [500/500 (100%)]	Loss: 3.1896 (avg: 3.3611), other losses: ['2.9975']	Acc metric: 341/500 (68.20%)	 AttnAUC: ['96.01']	 avg sec/iter: 0.0049


Train set (epoch 35): [500/500 (100%)]	Loss: 3.7826 (avg: 3.2971), other losses: ['3.6391']	Acc metric: 355/500 (71.00%)	 AttnAUC: ['96.12']	 avg sec/iter: 0.0053


Train set (epoch 36): [500/500 (100%)]	Loss: 2.0369 (avg: 3.1796), other losses: ['1.7523']	Acc metric: 370/500 (74.00%)	 AttnAUC: ['96.22']	 avg sec/iter: 0.0051


Train set (epoch 37): [500/500 (100%)]	Loss: 2.7851 (avg: 3.1198), other losses: ['2.6276']	Acc metric: 378/500 (75.60%)	 AttnAUC: ['96.33']	 avg sec/iter: 0.0068


Train set (epoch 38): [500/500 (100%)]	Loss: 2.9759 (avg: 3.0607), other losses: ['2.8780']	Acc metric: 394/500 (78.80%)	 AttnAUC: ['96.41']	 avg sec/iter: 0.0066


Train set (epoch 39): [500/500 (100%)]	Loss: 2.7901 (avg: 2.9838), other losses: ['2.6837']	Acc metric: 412/500 (82.40%)	 AttnAUC: ['96.50']	 avg sec/iter: 0.0049


Train set (epoch 40): [500/500 (100%)]	Loss: 3.3010 (avg: 2.9352), other losses: ['3.2220']	Acc metric: 420/500 (84.00%)	 AttnAUC: ['96.58']	 avg sec/iter: 0.0049


Train set (epoch 41): [500/500 (100%)]	Loss: 1.4363 (avg: 2.8250), other losses: ['1.3093']	Acc metric: 440/500 (88.00%)	 AttnAUC: ['96.65']	 avg sec/iter: 0.0050


Train set (epoch 42): [500/500 (100%)]	Loss: 2.8902 (avg: 2.8011), other losses: ['2.7599']	Acc metric: 453/500 (90.60%)	 AttnAUC: ['96.72']	 avg sec/iter: 0.0044


Train set (epoch 43): [500/500 (100%)]	Loss: 2.7285 (avg: 2.7405), other losses: ['2.6340']	Acc metric: 462/500 (92.40%)	 AttnAUC: ['96.79']	 avg sec/iter: 0.0044


Train set (epoch 44): [500/500 (100%)]	Loss: 2.6063 (avg: 2.6816), other losses: ['2.5157']	Acc metric: 469/500 (93.80%)	 AttnAUC: ['96.86']	 avg sec/iter: 0.0044


Train set (epoch 45): [500/500 (100%)]	Loss: 2.7286 (avg: 2.6357), other losses: ['2.6388']	Acc metric: 470/500 (94.00%)	 AttnAUC: ['96.92']	 avg sec/iter: 0.0044


Train set (epoch 46): [500/500 (100%)]	Loss: 2.5626 (avg: 2.5799), other losses: ['2.5140']	Acc metric: 473/500 (94.60%)	 AttnAUC: ['96.98']	 avg sec/iter: 0.0049


Train set (epoch 47): [500/500 (100%)]	Loss: 1.9579 (avg: 2.5193), other losses: ['1.8716']	Acc metric: 476/500 (95.20%)	 AttnAUC: ['97.04']	 avg sec/iter: 0.0052


Train set (epoch 48): [500/500 (100%)]	Loss: 1.8892 (avg: 2.4694), other losses: ['1.8435']	Acc metric: 479/500 (95.80%)	 AttnAUC: ['97.10']	 avg sec/iter: 0.0048


Train set (epoch 49): [500/500 (100%)]	Loss: 2.3015 (avg: 2.4347), other losses: ['2.2265']	Acc metric: 480/500 (96.00%)	 AttnAUC: ['97.16']	 avg sec/iter: 0.0053


Train set (epoch 50): [500/500 (100%)]	Loss: 1.5269 (avg: 2.3733), other losses: ['1.4942']	Acc metric: 484/500 (96.80%)	 AttnAUC: ['97.22']	 avg sec/iter: 0.0067


Train set (epoch 51): [500/500 (100%)]	Loss: 2.5663 (avg: 2.3558), other losses: ['2.5433']	Acc metric: 484/500 (96.80%)	 AttnAUC: ['97.28']	 avg sec/iter: 0.0059


Train set (epoch 52): [500/500 (100%)]	Loss: 1.8323 (avg: 2.2961), other losses: ['1.8106']	Acc metric: 487/500 (97.40%)	 AttnAUC: ['97.32']	 avg sec/iter: 0.0068


Train set (epoch 53): [500/500 (100%)]	Loss: 1.5939 (avg: 2.2519), other losses: ['1.5812']	Acc metric: 488/500 (97.60%)	 AttnAUC: ['97.37']	 avg sec/iter: 0.0060


Train set (epoch 54): [500/500 (100%)]	Loss: 2.9272 (avg: 2.2435), other losses: ['2.9016']	Acc metric: 489/500 (97.80%)	 AttnAUC: ['97.41']	 avg sec/iter: 0.0057


Train set (epoch 55): [500/500 (100%)]	Loss: 2.3101 (avg: 2.1915), other losses: ['2.3001']	Acc metric: 489/500 (97.80%)	 AttnAUC: ['97.46']	 avg sec/iter: 0.0056


Train set (epoch 56): [500/500 (100%)]	Loss: 1.6081 (avg: 2.1380), other losses: ['1.5931']	Acc metric: 489/500 (97.80%)	 AttnAUC: ['97.50']	 avg sec/iter: 0.0047


Train set (epoch 57): [500/500 (100%)]	Loss: 3.5136 (avg: 2.1466), other losses: ['3.5007']	Acc metric: 493/500 (98.60%)	 AttnAUC: ['97.54']	 avg sec/iter: 0.0043


Train set (epoch 58): [500/500 (100%)]	Loss: 1.9113 (avg: 2.0722), other losses: ['1.8990']	Acc metric: 496/500 (99.20%)	 AttnAUC: ['97.59']	 avg sec/iter: 0.0043


Train set (epoch 59): [500/500 (100%)]	Loss: 1.9069 (avg: 2.0374), other losses: ['1.8934']	Acc metric: 495/500 (99.00%)	 AttnAUC: ['97.63']	 avg sec/iter: 0.0043


Train set (epoch 60): [500/500 (100%)]	Loss: 2.8917 (avg: 2.0276), other losses: ['2.8728']	Acc metric: 495/500 (99.00%)	 AttnAUC: ['97.66']	 avg sec/iter: 0.0043


Train set (epoch 61): [500/500 (100%)]	Loss: 1.4855 (avg: 1.9623), other losses: ['1.4654']	Acc metric: 495/500 (99.00%)	 AttnAUC: ['97.70']	 avg sec/iter: 0.0053


Train set (epoch 62): [500/500 (100%)]	Loss: 1.5105 (avg: 1.9308), other losses: ['1.4883']	Acc metric: 494/500 (98.80%)	 AttnAUC: ['97.73']	 avg sec/iter: 0.0064


Train set (epoch 63): [500/500 (100%)]	Loss: 2.1712 (avg: 1.9143), other losses: ['2.1547']	Acc metric: 497/500 (99.40%)	 AttnAUC: ['97.76']	 avg sec/iter: 0.0102


Train set (epoch 64): [500/500 (100%)]	Loss: 1.5706 (avg: 1.8707), other losses: ['1.5429']	Acc metric: 496/500 (99.20%)	 AttnAUC: ['97.79']	 avg sec/iter: 0.0062


Train set (epoch 65): [500/500 (100%)]	Loss: 2.0749 (avg: 1.8518), other losses: ['2.0606']	Acc metric: 497/500 (99.40%)	 AttnAUC: ['97.81']	 avg sec/iter: 0.0069


Train set (epoch 66): [500/500 (100%)]	Loss: 2.0590 (avg: 1.8235), other losses: ['2.0428']	Acc metric: 498/500 (99.60%)	 AttnAUC: ['97.84']	 avg sec/iter: 0.0060


Train set (epoch 67): [500/500 (100%)]	Loss: 1.5205 (avg: 1.7817), other losses: ['1.5058']	Acc metric: 498/500 (99.60%)	 AttnAUC: ['97.86']	 avg sec/iter: 0.0059


Train set (epoch 68): [500/500 (100%)]	Loss: 1.3733 (avg: 1.7502), other losses: ['1.3684']	Acc metric: 497/500 (99.40%)	 AttnAUC: ['97.89']	 avg sec/iter: 0.0084


Train set (epoch 69): [500/500 (100%)]	Loss: 1.3016 (avg: 1.7190), other losses: ['1.2931']	Acc metric: 497/500 (99.40%)	 AttnAUC: ['97.91']	 avg sec/iter: 0.0068


Train set (epoch 70): [500/500 (100%)]	Loss: 2.9121 (avg: 1.7298), other losses: ['2.8941']	Acc metric: 498/500 (99.60%)	 AttnAUC: ['97.94']	 avg sec/iter: 0.0053


Train set (epoch 71): [500/500 (100%)]	Loss: 1.9194 (avg: 1.6802), other losses: ['1.9119']	Acc metric: 498/500 (99.60%)	 AttnAUC: ['97.95']	 avg sec/iter: 0.0054


Train set (epoch 72): [500/500 (100%)]	Loss: 1.8838 (avg: 1.6528), other losses: ['1.8689']	Acc metric: 498/500 (99.60%)	 AttnAUC: ['97.98']	 avg sec/iter: 0.0068


Train set (epoch 73): [500/500 (100%)]	Loss: 1.6366 (avg: 1.6219), other losses: ['1.6167']	Acc metric: 498/500 (99.60%)	 AttnAUC: ['98.00']	 avg sec/iter: 0.0060


Train set (epoch 74): [500/500 (100%)]	Loss: 1.3164 (avg: 1.5893), other losses: ['1.3024']	Acc metric: 498/500 (99.60%)	 AttnAUC: ['98.01']	 avg sec/iter: 0.0058


Train set (epoch 75): [500/500 (100%)]	Loss: 1.7064 (avg: 1.5748), other losses: ['1.6862']	Acc metric: 499/500 (99.80%)	 AttnAUC: ['98.03']	 avg sec/iter: 0.0055


Train set (epoch 76): [500/500 (100%)]	Loss: 2.3023 (avg: 1.5644), other losses: ['2.2777']	Acc metric: 499/500 (99.80%)	 AttnAUC: ['98.04']	 avg sec/iter: 0.0053


Train set (epoch 77): [500/500 (100%)]	Loss: 1.2549 (avg: 1.5156), other losses: ['1.2453']	Acc metric: 498/500 (99.60%)	 AttnAUC: ['98.05']	 avg sec/iter: 0.0054


Train set (epoch 78): [500/500 (100%)]	Loss: 1.8659 (avg: 1.5073), other losses: ['1.8541']	Acc metric: 499/500 (99.80%)	 AttnAUC: ['98.07']	 avg sec/iter: 0.0065


Train set (epoch 79): [500/500 (100%)]	Loss: 1.7728 (avg: 1.4814), other losses: ['1.7598']	Acc metric: 499/500 (99.80%)	 AttnAUC: ['98.08']	 avg sec/iter: 0.0061


Train set (epoch 80): [500/500 (100%)]	Loss: 1.3397 (avg: 1.4487), other losses: ['1.3370']	Acc metric: 499/500 (99.80%)	 AttnAUC: ['98.09']	 avg sec/iter: 0.0064


Train set (epoch 81): [500/500 (100%)]	Loss: 1.7916 (avg: 1.4369), other losses: ['1.7870']	Acc metric: 499/500 (99.80%)	 AttnAUC: ['98.10']	 avg sec/iter: 0.0080


Train set (epoch 82): [500/500 (100%)]	Loss: 1.6406 (avg: 1.4132), other losses: ['1.6326']	Acc metric: 498/500 (99.60%)	 AttnAUC: ['98.11']	 avg sec/iter: 0.0058


Train set (epoch 83): [500/500 (100%)]	Loss: 1.4956 (avg: 1.3880), other losses: ['1.4906']	Acc metric: 500/500 (100.00%)	 AttnAUC: ['98.12']	 avg sec/iter: 0.0055


Train set (epoch 84): [500/500 (100%)]	Loss: 1.3320 (avg: 1.3633), other losses: ['1.3293']	Acc metric: 500/500 (100.00%)	 AttnAUC: ['98.13']	 avg sec/iter: 0.0064


Train set (epoch 85): [500/500 (100%)]	Loss: 1.4593 (avg: 1.3460), other losses: ['1.4447']	Acc metric: 500/500 (100.00%)	 AttnAUC: ['98.14']	 avg sec/iter: 0.0072


Train set (epoch 86): [500/500 (100%)]	Loss: 1.3239 (avg: 1.3230), other losses: ['1.3066']	Acc metric: 500/500 (100.00%)	 AttnAUC: ['98.14']	 avg sec/iter: 0.0076


Train set (epoch 87): [500/500 (100%)]	Loss: 1.1438 (avg: 1.3000), other losses: ['1.1309']	Acc metric: 499/500 (99.80%)	 AttnAUC: ['98.14']	 avg sec/iter: 0.0065


Train set (epoch 88): [500/500 (100%)]	Loss: 1.1246 (avg: 1.2796), other losses: ['1.1203']	Acc metric: 500/500 (100.00%)	 AttnAUC: ['98.15']	 avg sec/iter: 0.0085


Train set (epoch 89): [500/500 (100%)]	Loss: 0.6676 (avg: 1.2501), other losses: ['0.6565']	Acc metric: 500/500 (100.00%)	 AttnAUC: ['98.15']	 avg sec/iter: 0.0090


Train set (epoch 90): [500/500 (100%)]	Loss: 1.0953 (avg: 1.2416), other losses: ['1.0936']	Acc metric: 500/500 (100.00%)	 AttnAUC: ['98.16']	 avg sec/iter: 0.0113


Train set (epoch 91): [500/500 (100%)]	Loss: 0.7741 (avg: 1.2172), other losses: ['0.7654']	Acc metric: 500/500 (100.00%)	 AttnAUC: ['98.16']	 avg sec/iter: 0.0086


Train set (epoch 92): [500/500 (100%)]	Loss: 1.2203 (avg: 1.2100), other losses: ['1.2182']	Acc metric: 500/500 (100.00%)	 AttnAUC: ['98.17']	 avg sec/iter: 0.0092


Train set (epoch 93): [500/500 (100%)]	Loss: 1.6577 (avg: 1.2024), other losses: ['1.6562']	Acc metric: 500/500 (100.00%)	 AttnAUC: ['98.17']	 avg sec/iter: 0.0069


Train set (epoch 94): [500/500 (100%)]	Loss: 1.1403 (avg: 1.1726), other losses: ['1.1321']	Acc metric: 500/500 (100.00%)	 AttnAUC: ['98.18']	 avg sec/iter: 0.0062


Train set (epoch 95): [500/500 (100%)]	Loss: 1.1994 (avg: 1.1573), other losses: ['1.1933']	Acc metric: 500/500 (100.00%)	 AttnAUC: ['98.18']	 avg sec/iter: 0.0056


Train set (epoch 96): [500/500 (100%)]	Loss: 1.2862 (avg: 1.1432), other losses: ['1.2856']	Acc metric: 500/500 (100.00%)	 AttnAUC: ['98.19']	 avg sec/iter: 0.0053


Train set (epoch 97): [500/500 (100%)]	Loss: 0.8419 (avg: 1.1168), other losses: ['0.8378']	Acc metric: 500/500 (100.00%)	 AttnAUC: ['98.19']	 avg sec/iter: 0.0051


Train set (epoch 98): [500/500 (100%)]	Loss: 0.7071 (avg: 1.0979), other losses: ['0.6959']	Acc metric: 500/500 (100.00%)	 AttnAUC: ['98.20']	 avg sec/iter: 0.0051


Train set (epoch 99): [500/500 (100%)]	Loss: 0.7408 (avg: 1.0829), other losses: ['0.7361']	Acc metric: 500/500 (100.00%)	 AttnAUC: ['98.20']	 avg sec/iter: 0.0051


Train set (epoch 100): [500/500 (100%)]	Loss: 1.7726 (avg: 1.0923), other losses: ['1.7651']	Acc metric: 500/500 (100.00%)	 AttnAUC: ['98.20']	 avg sec/iter: 0.0051


Train set (epoch 101): [500/500 (100%)]	Loss: 1.3233 (avg: 1.0664), other losses: ['1.3222']	Acc metric: 500/500 (100.00%)	 AttnAUC: ['98.21']	 avg sec/iter: 0.0051


Train set (epoch 102): [500/500 (100%)]	Loss: 1.1443 (avg: 1.0468), other losses: ['1.1411']	Acc metric: 500/500 (100.00%)	 AttnAUC: ['98.21']	 avg sec/iter: 0.0053


Train set (epoch 103): [500/500 (100%)]	Loss: 1.2700 (avg: 1.0351), other losses: ['1.2692']	Acc metric: 500/500 (100.00%)	 AttnAUC: ['98.22']	 avg sec/iter: 0.0051


Train set (epoch 104): [500/500 (100%)]	Loss: 1.0846 (avg: 1.0167), other losses: ['1.0803']	Acc metric: 500/500 (100.00%)	 AttnAUC: ['98.22']	 avg sec/iter: 0.0051


Train set (epoch 105): [500/500 (100%)]	Loss: 0.7430 (avg: 0.9945), other losses: ['0.7336']	Acc metric: 500/500 (100.00%)	 AttnAUC: ['98.22']	 avg sec/iter: 0.0047


Train set (epoch 106): [500/500 (100%)]	Loss: 1.0040 (avg: 0.9875), other losses: ['1.0010']	Acc metric: 500/500 (100.00%)	 AttnAUC: ['98.22']	 avg sec/iter: 0.0047


Train set (epoch 107): [500/500 (100%)]	Loss: 0.6946 (avg: 0.9668), other losses: ['0.6917']	Acc metric: 500/500 (100.00%)	 AttnAUC: ['98.22']	 avg sec/iter: 0.0048


Train set (epoch 108): [500/500 (100%)]	Loss: 1.2933 (avg: 0.9677), other losses: ['1.2888']	Acc metric: 500/500 (100.00%)	 AttnAUC: ['98.23']	 avg sec/iter: 0.0047


Train set (epoch 109): [500/500 (100%)]	Loss: 1.4986 (avg: 0.9593), other losses: ['1.4924']	Acc metric: 500/500 (100.00%)	 AttnAUC: ['98.23']	 avg sec/iter: 0.0052


Train set (epoch 110): [500/500 (100%)]	Loss: 0.8156 (avg: 0.9306), other losses: ['0.8136']	Acc metric: 500/500 (100.00%)	 AttnAUC: ['98.23']	 avg sec/iter: 0.0051


Train set (epoch 111): [500/500 (100%)]	Loss: 1.1549 (avg: 0.9257), other losses: ['1.1523']	Acc metric: 500/500 (100.00%)	 AttnAUC: ['98.24']	 avg sec/iter: 0.0048


Train set (epoch 112): [500/500 (100%)]	Loss: 0.6727 (avg: 0.9026), other losses: ['0.6692']	Acc metric: 500/500 (100.00%)	 AttnAUC: ['98.24']	 avg sec/iter: 0.0066


Train set (epoch 113): [500/500 (100%)]	Loss: 0.8267 (avg: 0.8943), other losses: ['0.8253']	Acc metric: 500/500 (100.00%)	 AttnAUC: ['98.24']	 avg sec/iter: 0.0065


Train set (epoch 114): [500/500 (100%)]	Loss: 1.3271 (avg: 0.8934), other losses: ['1.3261']	Acc metric: 500/500 (100.00%)	 AttnAUC: ['98.24']	 avg sec/iter: 0.0061


Train set (epoch 115): [500/500 (100%)]	Loss: 0.8328 (avg: 0.8702), other losses: ['0.8291']	Acc metric: 500/500 (100.00%)	 AttnAUC: ['98.25']	 avg sec/iter: 0.0060


Train set (epoch 116): [500/500 (100%)]	Loss: 0.9699 (avg: 0.8622), other losses: ['0.9591']	Acc metric: 500/500 (100.00%)	 AttnAUC: ['98.25']	 avg sec/iter: 0.0047


Train set (epoch 117): [500/500 (100%)]	Loss: 0.6524 (avg: 0.8428), other losses: ['0.6494']	Acc metric: 500/500 (100.00%)	 AttnAUC: ['98.25']	 avg sec/iter: 0.0049


Train set (epoch 118): [500/500 (100%)]	Loss: 1.0338 (avg: 0.8412), other losses: ['1.0303']	Acc metric: 500/500 (100.00%)	 AttnAUC: ['98.26']	 avg sec/iter: 0.0049


Train set (epoch 119): [500/500 (100%)]	Loss: 0.9738 (avg: 0.8295), other losses: ['0.9715']	Acc metric: 500/500 (100.00%)	 AttnAUC: ['98.26']	 avg sec/iter: 0.0049


Train set (epoch 120): [500/500 (100%)]	Loss: 0.4736 (avg: 0.8063), other losses: ['0.4711']	Acc metric: 500/500 (100.00%)	 AttnAUC: ['98.26']	 avg sec/iter: 0.0046


Train set (epoch 121): [500/500 (100%)]	Loss: 0.5175 (avg: 0.7970), other losses: ['0.5153']	Acc metric: 500/500 (100.00%)	 AttnAUC: ['98.27']	 avg sec/iter: 0.0046


Train set (epoch 122): [500/500 (100%)]	Loss: 0.7497 (avg: 0.7917), other losses: ['0.7466']	Acc metric: 500/500 (100.00%)	 AttnAUC: ['98.27']	 avg sec/iter: 0.0046


Train set (epoch 123): [500/500 (100%)]	Loss: 0.9250 (avg: 0.7858), other losses: ['0.9206']	Acc metric: 500/500 (100.00%)	 AttnAUC: ['98.27']	 avg sec/iter: 0.0046


Train set (epoch 124): [500/500 (100%)]	Loss: 0.6128 (avg: 0.7676), other losses: ['0.6113']	Acc metric: 500/500 (100.00%)	 AttnAUC: ['98.27']	 avg sec/iter: 0.0050


Train set (epoch 125): [500/500 (100%)]	Loss: 0.5798 (avg: 0.7580), other losses: ['0.5780']	Acc metric: 500/500 (100.00%)	 AttnAUC: ['98.27']	 avg sec/iter: 0.0054


Train set (epoch 126): [500/500 (100%)]	Loss: 1.1411 (avg: 0.7618), other losses: ['1.1343']	Acc metric: 500/500 (100.00%)	 AttnAUC: ['98.28']	 avg sec/iter: 0.0047


Train set (epoch 127): [500/500 (100%)]	Loss: 0.8381 (avg: 0.7436), other losses: ['0.8357']	Acc metric: 500/500 (100.00%)	 AttnAUC: ['98.28']	 avg sec/iter: 0.0048


Train set (epoch 128): [500/500 (100%)]	Loss: 0.6961 (avg: 0.7311), other losses: ['0.6954']	Acc metric: 500/500 (100.00%)	 AttnAUC: ['98.28']	 avg sec/iter: 0.0047


Train set (epoch 129): [500/500 (100%)]	Loss: 0.5521 (avg: 0.7186), other losses: ['0.5502']	Acc metric: 500/500 (100.00%)	 AttnAUC: ['98.28']	 avg sec/iter: 0.0049


Train set (epoch 130): [500/500 (100%)]	Loss: 0.5561 (avg: 0.7113), other losses: ['0.5500']	Acc metric: 500/500 (100.00%)	 AttnAUC: ['98.29']	 avg sec/iter: 0.0053


Train set (epoch 131): [500/500 (100%)]	Loss: 0.7616 (avg: 0.7065), other losses: ['0.7572']	Acc metric: 500/500 (100.00%)	 AttnAUC: ['98.29']	 avg sec/iter: 0.0051


Train set (epoch 132): [500/500 (100%)]	Loss: 0.7750 (avg: 0.6972), other losses: ['0.7692']	Acc metric: 500/500 (100.00%)	 AttnAUC: ['98.29']	 avg sec/iter: 0.0052


Train set (epoch 133): [500/500 (100%)]	Loss: 0.9274 (avg: 0.6926), other losses: ['0.9223']	Acc metric: 500/500 (100.00%)	 AttnAUC: ['98.29']	 avg sec/iter: 0.0052


Train set (epoch 134): [500/500 (100%)]	Loss: 0.5366 (avg: 0.6765), other losses: ['0.5324']	Acc metric: 500/500 (100.00%)	 AttnAUC: ['98.30']	 avg sec/iter: 0.0047


Train set (epoch 135): [500/500 (100%)]	Loss: 0.6047 (avg: 0.6686), other losses: ['0.6038']	Acc metric: 500/500 (100.00%)	 AttnAUC: ['98.30']	 avg sec/iter: 0.0051


Train set (epoch 136): [500/500 (100%)]	Loss: 0.7191 (avg: 0.6627), other losses: ['0.7161']	Acc metric: 500/500 (100.00%)	 AttnAUC: ['98.30']	 avg sec/iter: 0.0058


Train set (epoch 137): [500/500 (100%)]	Loss: 0.7869 (avg: 0.6590), other losses: ['0.7850']	Acc metric: 500/500 (100.00%)	 AttnAUC: ['98.30']	 avg sec/iter: 0.0060


Train set (epoch 138): [500/500 (100%)]	Loss: 0.9567 (avg: 0.6513), other losses: ['0.9548']	Acc metric: 500/500 (100.00%)	 AttnAUC: ['98.30']	 avg sec/iter: 0.0047


Train set (epoch 139): [500/500 (100%)]	Loss: 0.6009 (avg: 0.6359), other losses: ['0.5999']	Acc metric: 500/500 (100.00%)	 AttnAUC: ['98.30']	 avg sec/iter: 0.0050


Train set (epoch 140): [500/500 (100%)]	Loss: 0.5424 (avg: 0.6267), other losses: ['0.5398']	Acc metric: 500/500 (100.00%)	 AttnAUC: ['98.30']	 avg sec/iter: 0.0049


Train set (epoch 141): [500/500 (100%)]	Loss: 0.5042 (avg: 0.6188), other losses: ['0.5038']	Acc metric: 500/500 (100.00%)	 AttnAUC: ['98.31']	 avg sec/iter: 0.0049


Train set (epoch 142): [500/500 (100%)]	Loss: 0.4826 (avg: 0.6108), other losses: ['0.4595']	Acc metric: 500/500 (100.00%)	 AttnAUC: ['98.31']	 avg sec/iter: 0.0046


Train set (epoch 143): [500/500 (100%)]	Loss: 0.5138 (avg: 0.6087), other losses: ['0.5125']	Acc metric: 500/500 (100.00%)	 AttnAUC: ['98.31']	 avg sec/iter: 0.0045


Train set (epoch 144): [500/500 (100%)]	Loss: 0.8020 (avg: 0.6015), other losses: ['0.7981']	Acc metric: 500/500 (100.00%)	 AttnAUC: ['98.31']	 avg sec/iter: 0.0049


Train set (epoch 145): [500/500 (100%)]	Loss: 0.7384 (avg: 0.5944), other losses: ['0.7275']	Acc metric: 500/500 (100.00%)	 AttnAUC: ['98.31']	 avg sec/iter: 0.0046


Train set (epoch 146): [500/500 (100%)]	Loss: 0.3921 (avg: 0.5802), other losses: ['0.3863']	Acc metric: 500/500 (100.00%)	 AttnAUC: ['98.32']	 avg sec/iter: 0.0055


Train set (epoch 147): [500/500 (100%)]	Loss: 0.3112 (avg: 0.5696), other losses: ['0.3103']	Acc metric: 500/500 (100.00%)	 AttnAUC: ['98.32']	 avg sec/iter: 0.0052


Train set (epoch 148): [500/500 (100%)]	Loss: 0.6964 (avg: 0.5716), other losses: ['0.6945']	Acc metric: 500/500 (100.00%)	 AttnAUC: ['98.32']	 avg sec/iter: 0.0049


Train set (epoch 149): [500/500 (100%)]	Loss: 0.5723 (avg: 0.5613), other losses: ['0.5698']	Acc metric: 500/500 (100.00%)	 AttnAUC: ['98.32']	 avg sec/iter: 0.0047


Train set (epoch 150): [500/500 (100%)]	Loss: 0.4697 (avg: 0.5524), other losses: ['0.4676']	Acc metric: 500/500 (100.00%)	 AttnAUC: ['98.32']	 avg sec/iter: 0.0049


Train set (epoch 151): [500/500 (100%)]	Loss: 0.3375 (avg: 0.5435), other losses: ['0.3289']	Acc metric: 500/500 (100.00%)	 AttnAUC: ['98.32']	 avg sec/iter: 0.0058


Train set (epoch 152): [500/500 (100%)]	Loss: 0.7386 (avg: 0.5460), other losses: ['0.7376']	Acc metric: 500/500 (100.00%)	 AttnAUC: ['98.32']	 avg sec/iter: 0.0051


Train set (epoch 153): [500/500 (100%)]	Loss: 0.6423 (avg: 0.5370), other losses: ['0.6393']	Acc metric: 500/500 (100.00%)	 AttnAUC: ['98.33']	 avg sec/iter: 0.0050


Train set (epoch 154): [500/500 (100%)]	Loss: 0.5491 (avg: 0.5292), other losses: ['0.5448']	Acc metric: 500/500 (100.00%)	 AttnAUC: ['98.33']	 avg sec/iter: 0.0046


Train set (epoch 155): [500/500 (100%)]	Loss: 0.7798 (avg: 0.5282), other losses: ['0.7794']	Acc metric: 500/500 (100.00%)	 AttnAUC: ['98.33']	 avg sec/iter: 0.0056


Train set (epoch 156): [500/500 (100%)]	Loss: 0.6878 (avg: 0.5195), other losses: ['0.6861']	Acc metric: 500/500 (100.00%)	 AttnAUC: ['98.33']	 avg sec/iter: 0.0054


Train set (epoch 157): [500/500 (100%)]	Loss: 0.5981 (avg: 0.5121), other losses: ['0.5948']	Acc metric: 500/500 (100.00%)	 AttnAUC: ['98.33']	 avg sec/iter: 0.0045


Train set (epoch 158): [500/500 (100%)]	Loss: 0.6039 (avg: 0.5057), other losses: ['0.5993']	Acc metric: 500/500 (100.00%)	 AttnAUC: ['98.33']	 avg sec/iter: 0.0047


Train set (epoch 159): [500/500 (100%)]	Loss: 0.6249 (avg: 0.5024), other losses: ['0.6234']	Acc metric: 500/500 (100.00%)	 AttnAUC: ['98.33']	 avg sec/iter: 0.0046


Train set (epoch 160): [500/500 (100%)]	Loss: 0.5816 (avg: 0.4956), other losses: ['0.5810']	Acc metric: 500/500 (100.00%)	 AttnAUC: ['98.33']	 avg sec/iter: 0.0045


Train set (epoch 161): [500/500 (100%)]	Loss: 0.4308 (avg: 0.4842), other losses: ['0.4299']	Acc metric: 500/500 (100.00%)	 AttnAUC: ['98.34']	 avg sec/iter: 0.0042


Train set (epoch 162): [500/500 (100%)]	Loss: 0.4167 (avg: 0.4836), other losses: ['0.4146']	Acc metric: 500/500 (100.00%)	 AttnAUC: ['98.34']	 avg sec/iter: 0.0042


Train set (epoch 163): [500/500 (100%)]	Loss: 0.5161 (avg: 0.4759), other losses: ['0.5133']	Acc metric: 500/500 (100.00%)	 AttnAUC: ['98.34']	 avg sec/iter: 0.0042


Train set (epoch 164): [500/500 (100%)]	Loss: 0.5437 (avg: 0.4707), other losses: ['0.5420']	Acc metric: 500/500 (100.00%)	 AttnAUC: ['98.34']	 avg sec/iter: 0.0057


Train set (epoch 165): [500/500 (100%)]	Loss: 0.5392 (avg: 0.4739), other losses: ['0.5228']	Acc metric: 500/500 (100.00%)	 AttnAUC: ['98.34']	 avg sec/iter: 0.0059


Train set (epoch 166): [500/500 (100%)]	Loss: 0.5293 (avg: 0.4608), other losses: ['0.5272']	Acc metric: 500/500 (100.00%)	 AttnAUC: ['98.34']	 avg sec/iter: 0.0045


Train set (epoch 167): [500/500 (100%)]	Loss: 0.6343 (avg: 0.4617), other losses: ['0.6277']	Acc metric: 500/500 (100.00%)	 AttnAUC: ['98.34']	 avg sec/iter: 0.0046


Train set (epoch 168): [500/500 (100%)]	Loss: 0.2744 (avg: 0.4443), other losses: ['0.2670']	Acc metric: 500/500 (100.00%)	 AttnAUC: ['98.34']	 avg sec/iter: 0.0047


Train set (epoch 169): [500/500 (100%)]	Loss: 0.5381 (avg: 0.4453), other losses: ['0.5320']	Acc metric: 500/500 (100.00%)	 AttnAUC: ['98.34']	 avg sec/iter: 0.0046


Train set (epoch 170): [500/500 (100%)]	Loss: 0.6623 (avg: 0.4458), other losses: ['0.6608']	Acc metric: 500/500 (100.00%)	 AttnAUC: ['98.34']	 avg sec/iter: 0.0047


Train set (epoch 171): [500/500 (100%)]	Loss: 0.2729 (avg: 0.4292), other losses: ['0.2725']	Acc metric: 500/500 (100.00%)	 AttnAUC: ['98.34']	 avg sec/iter: 0.0051


Train set (epoch 172): [500/500 (100%)]	Loss: 0.3299 (avg: 0.4253), other losses: ['0.3287']	Acc metric: 500/500 (100.00%)	 AttnAUC: ['98.35']	 avg sec/iter: 0.0055


Train set (epoch 173): [500/500 (100%)]	Loss: 0.1412 (avg: 0.4169), other losses: ['0.1399']	Acc metric: 500/500 (100.00%)	 AttnAUC: ['98.35']	 avg sec/iter: 0.0075


Train set (epoch 174): [500/500 (100%)]	Loss: 0.3133 (avg: 0.4165), other losses: ['0.3077']	Acc metric: 500/500 (100.00%)	 AttnAUC: ['98.35']	 avg sec/iter: 0.0052


Train set (epoch 175): [500/500 (100%)]	Loss: 0.4436 (avg: 0.4142), other losses: ['0.4432']	Acc metric: 500/500 (100.00%)	 AttnAUC: ['98.35']	 avg sec/iter: 0.0062


Train set (epoch 176): [500/500 (100%)]	Loss: 0.4831 (avg: 0.4102), other losses: ['0.4823']	Acc metric: 500/500 (100.00%)	 AttnAUC: ['98.35']	 avg sec/iter: 0.0052


Train set (epoch 177): [500/500 (100%)]	Loss: 0.5072 (avg: 0.4061), other losses: ['0.5063']	Acc metric: 500/500 (100.00%)	 AttnAUC: ['98.35']	 avg sec/iter: 0.0050


Train set (epoch 178): [500/500 (100%)]	Loss: 0.3445 (avg: 0.4110), other losses: ['0.3402']	Acc metric: 500/500 (100.00%)	 AttnAUC: ['98.35']	 avg sec/iter: 0.0049


Train set (epoch 179): [500/500 (100%)]	Loss: 0.4039 (avg: 0.4035), other losses: ['0.4001']	Acc metric: 500/500 (100.00%)	 AttnAUC: ['98.35']	 avg sec/iter: 0.0064


Train set (epoch 180): [500/500 (100%)]	Loss: 0.3536 (avg: 0.3910), other losses: ['0.3494']	Acc metric: 500/500 (100.00%)	 AttnAUC: ['98.35']	 avg sec/iter: 0.0053


Train set (epoch 181): [500/500 (100%)]	Loss: 0.3890 (avg: 0.3949), other losses: ['0.3859']	Acc metric: 500/500 (100.00%)	 AttnAUC: ['98.35']	 avg sec/iter: 0.0048


Train set (epoch 182): [500/500 (100%)]	Loss: 0.3109 (avg: 0.3800), other losses: ['0.3092']	Acc metric: 500/500 (100.00%)	 AttnAUC: ['98.35']	 avg sec/iter: 0.0049


Train set (epoch 183): [500/500 (100%)]	Loss: 0.2924 (avg: 0.3757), other losses: ['0.2918']	Acc metric: 500/500 (100.00%)	 AttnAUC: ['98.36']	 avg sec/iter: 0.0048


Train set (epoch 184): [500/500 (100%)]	Loss: 0.2764 (avg: 0.3712), other losses: ['0.2734']	Acc metric: 500/500 (100.00%)	 AttnAUC: ['98.36']	 avg sec/iter: 0.0051


Train set (epoch 185): [500/500 (100%)]	Loss: 0.2357 (avg: 0.3665), other losses: ['0.2354']	Acc metric: 500/500 (100.00%)	 AttnAUC: ['98.36']	 avg sec/iter: 0.0052


Train set (epoch 186): [500/500 (100%)]	Loss: 0.3530 (avg: 0.3657), other losses: ['0.3521']	Acc metric: 500/500 (100.00%)	 AttnAUC: ['98.36']	 avg sec/iter: 0.0051


Train set (epoch 187): [500/500 (100%)]	Loss: 0.5954 (avg: 0.3677), other losses: ['0.5944']	Acc metric: 500/500 (100.00%)	 AttnAUC: ['98.36']	 avg sec/iter: 0.0056


Train set (epoch 188): [500/500 (100%)]	Loss: 0.2340 (avg: 0.3595), other losses: ['0.2132']	Acc metric: 500/500 (100.00%)	 AttnAUC: ['98.36']	 avg sec/iter: 0.0056


Train set (epoch 189): [500/500 (100%)]	Loss: 0.3381 (avg: 0.3563), other losses: ['0.3320']	Acc metric: 500/500 (100.00%)	 AttnAUC: ['98.36']	 avg sec/iter: 0.0048


Train set (epoch 190): [500/500 (100%)]	Loss: 0.1726 (avg: 0.3585), other losses: ['0.1711']	Acc metric: 500/500 (100.00%)	 AttnAUC: ['98.36']	 avg sec/iter: 0.0046


Train set (epoch 191): [500/500 (100%)]	Loss: 0.3147 (avg: 0.3458), other losses: ['0.3114']	Acc metric: 500/500 (100.00%)	 AttnAUC: ['98.36']	 avg sec/iter: 0.0046


Train set (epoch 192): [500/500 (100%)]	Loss: 0.4135 (avg: 0.3448), other losses: ['0.4129']	Acc metric: 500/500 (100.00%)	 AttnAUC: ['98.36']	 avg sec/iter: 0.0046


Train set (epoch 193): [500/500 (100%)]	Loss: 0.4058 (avg: 0.3400), other losses: ['0.4046']	Acc metric: 500/500 (100.00%)	 AttnAUC: ['98.36']	 avg sec/iter: 0.0043


Train set (epoch 194): [500/500 (100%)]	Loss: 0.4230 (avg: 0.3382), other losses: ['0.4207']	Acc metric: 500/500 (100.00%)	 AttnAUC: ['98.36']	 avg sec/iter: 0.0042


Train set (epoch 195): [500/500 (100%)]	Loss: 0.2129 (avg: 0.3300), other losses: ['0.2116']	Acc metric: 500/500 (100.00%)	 AttnAUC: ['98.36']	 avg sec/iter: 0.0042


Train set (epoch 196): [500/500 (100%)]	Loss: 0.3263 (avg: 0.3282), other losses: ['0.3254']	Acc metric: 500/500 (100.00%)	 AttnAUC: ['98.37']	 avg sec/iter: 0.0045


Train set (epoch 197): [500/500 (100%)]	Loss: 0.2402 (avg: 0.3224), other losses: ['0.2381']	Acc metric: 500/500 (100.00%)	 AttnAUC: ['98.37']	 avg sec/iter: 0.0044


Train set (epoch 198): [500/500 (100%)]	Loss: 0.3397 (avg: 0.3232), other losses: ['0.3392']	Acc metric: 500/500 (100.00%)	 AttnAUC: ['98.37']	 avg sec/iter: 0.0045


Train set (epoch 199): [500/500 (100%)]	Loss: 0.3394 (avg: 0.3182), other losses: ['0.3390']	Acc metric: 500/500 (100.00%)	 AttnAUC: ['98.37']	 avg sec/iter: 0.0045


Train set (epoch 200): [500/500 (100%)]	Loss: 0.3204 (avg: 0.3155), other losses: ['0.3197']	Acc metric: 500/500 (100.00%)	 AttnAUC: ['98.37']	 avg sec/iter: 0.0042


Train set (epoch 201): [500/500 (100%)]	Loss: 0.2193 (avg: 0.3091), other losses: ['0.2182']	Acc metric: 500/500 (100.00%)	 AttnAUC: ['98.37']	 avg sec/iter: 0.0042


Train set (epoch 202): [500/500 (100%)]	Loss: 0.1998 (avg: 0.3115), other losses: ['0.1984']	Acc metric: 500/500 (100.00%)	 AttnAUC: ['98.37']	 avg sec/iter: 0.0042


Train set (epoch 203): [500/500 (100%)]	Loss: 0.2236 (avg: 0.3027), other losses: ['0.2229']	Acc metric: 500/500 (100.00%)	 AttnAUC: ['98.37']	 avg sec/iter: 0.0042


Train set (epoch 204): [500/500 (100%)]	Loss: 0.2594 (avg: 0.3009), other losses: ['0.2581']	Acc metric: 500/500 (100.00%)	 AttnAUC: ['98.37']	 avg sec/iter: 0.0047


Train set (epoch 205): [500/500 (100%)]	Loss: 0.3639 (avg: 0.3008), other losses: ['0.3633']	Acc metric: 500/500 (100.00%)	 AttnAUC: ['98.37']	 avg sec/iter: 0.0049


Train set (epoch 206): [500/500 (100%)]	Loss: 0.2709 (avg: 0.2950), other losses: ['0.2705']	Acc metric: 500/500 (100.00%)	 AttnAUC: ['98.37']	 avg sec/iter: 0.0041


Train set (epoch 207): [500/500 (100%)]	Loss: 0.2618 (avg: 0.2967), other losses: ['0.2607']	Acc metric: 500/500 (100.00%)	 AttnAUC: ['98.37']	 avg sec/iter: 0.0042


Train set (epoch 208): [500/500 (100%)]	Loss: 0.3354 (avg: 0.2898), other losses: ['0.3351']	Acc metric: 500/500 (100.00%)	 AttnAUC: ['98.37']	 avg sec/iter: 0.0043


Train set (epoch 209): [500/500 (100%)]	Loss: 0.1806 (avg: 0.2845), other losses: ['0.1708']	Acc metric: 500/500 (100.00%)	 AttnAUC: ['98.37']	 avg sec/iter: 0.0042


Train set (epoch 210): [500/500 (100%)]	Loss: 0.1579 (avg: 0.3032), other losses: ['0.1570']	Acc metric: 500/500 (100.00%)	 AttnAUC: ['98.37']	 avg sec/iter: 0.0043


Train set (epoch 211): [500/500 (100%)]	Loss: 0.2223 (avg: 0.2788), other losses: ['0.2218']	Acc metric: 500/500 (100.00%)	 AttnAUC: ['98.38']	 avg sec/iter: 0.0043


Train set (epoch 212): [500/500 (100%)]	Loss: 0.3252 (avg: 0.2785), other losses: ['0.3247']	Acc metric: 500/500 (100.00%)	 AttnAUC: ['98.38']	 avg sec/iter: 0.0042


Train set (epoch 213): [500/500 (100%)]	Loss: 0.3833 (avg: 0.2769), other losses: ['0.3828']	Acc metric: 500/500 (100.00%)	 AttnAUC: ['98.38']	 avg sec/iter: 0.0042


Train set (epoch 214): [500/500 (100%)]	Loss: 0.2838 (avg: 0.2799), other losses: ['0.2559']	Acc metric: 500/500 (100.00%)	 AttnAUC: ['98.38']	 avg sec/iter: 0.0045


Train set (epoch 215): [500/500 (100%)]	Loss: 0.2979 (avg: 0.2705), other losses: ['0.2972']	Acc metric: 500/500 (100.00%)	 AttnAUC: ['98.38']	 avg sec/iter: 0.0052


Train set (epoch 216): [500/500 (100%)]	Loss: 0.2965 (avg: 0.2667), other losses: ['0.2949']	Acc metric: 500/500 (100.00%)	 AttnAUC: ['98.38']	 avg sec/iter: 0.0048


Train set (epoch 217): [500/500 (100%)]	Loss: 0.4003 (avg: 0.2698), other losses: ['0.3949']	Acc metric: 500/500 (100.00%)	 AttnAUC: ['98.38']	 avg sec/iter: 0.0042


Train set (epoch 218): [500/500 (100%)]	Loss: 0.2243 (avg: 0.2594), other losses: ['0.2242']	Acc metric: 500/500 (100.00%)	 AttnAUC: ['98.38']	 avg sec/iter: 0.0042


Train set (epoch 219): [500/500 (100%)]	Loss: 0.2652 (avg: 0.2580), other losses: ['0.2616']	Acc metric: 500/500 (100.00%)	 AttnAUC: ['98.38']	 avg sec/iter: 0.0042


Train set (epoch 220): [500/500 (100%)]	Loss: 0.1814 (avg: 0.2550), other losses: ['0.1791']	Acc metric: 500/500 (100.00%)	 AttnAUC: ['98.38']	 avg sec/iter: 0.0042


Train set (epoch 221): [500/500 (100%)]	Loss: 0.3939 (avg: 0.2567), other losses: ['0.3932']	Acc metric: 500/500 (100.00%)	 AttnAUC: ['98.38']	 avg sec/iter: 0.0042


Train set (epoch 222): [500/500 (100%)]	Loss: 0.3198 (avg: 0.2542), other losses: ['0.3091']	Acc metric: 500/500 (100.00%)	 AttnAUC: ['98.38']	 avg sec/iter: 0.0042


Train set (epoch 223): [500/500 (100%)]	Loss: 0.3757 (avg: 0.2534), other losses: ['0.3732']	Acc metric: 500/500 (100.00%)	 AttnAUC: ['98.38']	 avg sec/iter: 0.0044


Train set (epoch 224): [500/500 (100%)]	Loss: 0.2599 (avg: 0.2498), other losses: ['0.2588']	Acc metric: 500/500 (100.00%)	 AttnAUC: ['98.38']	 avg sec/iter: 0.0042


Train set (epoch 225): [500/500 (100%)]	Loss: 0.2227 (avg: 0.2420), other losses: ['0.2223']	Acc metric: 500/500 (100.00%)	 AttnAUC: ['98.39']	 avg sec/iter: 0.0042


Train set (epoch 226): [500/500 (100%)]	Loss: 0.2894 (avg: 0.2423), other losses: ['0.2840']	Acc metric: 500/500 (100.00%)	 AttnAUC: ['98.39']	 avg sec/iter: 0.0049


Train set (epoch 227): [500/500 (100%)]	Loss: 0.2687 (avg: 0.2394), other losses: ['0.2679']	Acc metric: 500/500 (100.00%)	 AttnAUC: ['98.39']	 avg sec/iter: 0.0043


Train set (epoch 228): [500/500 (100%)]	Loss: 0.1443 (avg: 0.2336), other losses: ['0.1434']	Acc metric: 500/500 (100.00%)	 AttnAUC: ['98.39']	 avg sec/iter: 0.0043


Train set (epoch 229): [500/500 (100%)]	Loss: 0.1615 (avg: 0.2310), other losses: ['0.1587']	Acc metric: 500/500 (100.00%)	 AttnAUC: ['98.39']	 avg sec/iter: 0.0042


Train set (epoch 230): [500/500 (100%)]	Loss: 0.2556 (avg: 0.2322), other losses: ['0.2512']	Acc metric: 500/500 (100.00%)	 AttnAUC: ['98.39']	 avg sec/iter: 0.0043


Train set (epoch 231): [500/500 (100%)]	Loss: 0.2817 (avg: 0.2682), other losses: ['0.2721']	Acc metric: 500/500 (100.00%)	 AttnAUC: ['98.39']	 avg sec/iter: 0.0044


Train set (epoch 232): [500/500 (100%)]	Loss: 0.1648 (avg: 0.2254), other losses: ['0.1642']	Acc metric: 500/500 (100.00%)	 AttnAUC: ['98.39']	 avg sec/iter: 0.0042


Train set (epoch 233): [500/500 (100%)]	Loss: 0.1761 (avg: 0.2227), other losses: ['0.1752']	Acc metric: 500/500 (100.00%)	 AttnAUC: ['98.39']	 avg sec/iter: 0.0042


Train set (epoch 234): [500/500 (100%)]	Loss: 0.1886 (avg: 0.2208), other losses: ['0.1868']	Acc metric: 500/500 (100.00%)	 AttnAUC: ['98.39']	 avg sec/iter: 0.0042


Train set (epoch 235): [500/500 (100%)]	Loss: 0.2026 (avg: 0.2191), other losses: ['0.2023']	Acc metric: 500/500 (100.00%)	 AttnAUC: ['98.39']	 avg sec/iter: 0.0042


Train set (epoch 236): [500/500 (100%)]	Loss: 0.3141 (avg: 0.2204), other losses: ['0.3129']	Acc metric: 500/500 (100.00%)	 AttnAUC: ['98.39']	 avg sec/iter: 0.0051


Train set (epoch 237): [500/500 (100%)]	Loss: 0.2474 (avg: 0.2164), other losses: ['0.2434']	Acc metric: 500/500 (100.00%)	 AttnAUC: ['98.39']	 avg sec/iter: 0.0050


Train set (epoch 238): [500/500 (100%)]	Loss: 0.2567 (avg: 0.2143), other losses: ['0.2562']	Acc metric: 500/500 (100.00%)	 AttnAUC: ['98.39']	 avg sec/iter: 0.0052


Train set (epoch 239): [500/500 (100%)]	Loss: 0.1373 (avg: 0.2091), other losses: ['0.1370']	Acc metric: 500/500 (100.00%)	 AttnAUC: ['98.40']	 avg sec/iter: 0.0051


Train set (epoch 240): [500/500 (100%)]	Loss: 0.2506 (avg: 0.2101), other losses: ['0.2502']	Acc metric: 500/500 (100.00%)	 AttnAUC: ['98.40']	 avg sec/iter: 0.0077


Train set (epoch 241): [500/500 (100%)]	Loss: 0.2266 (avg: 0.2074), other losses: ['0.2262']	Acc metric: 500/500 (100.00%)	 AttnAUC: ['98.40']	 avg sec/iter: 0.0077


Train set (epoch 242): [500/500 (100%)]	Loss: 0.2331 (avg: 0.2056), other losses: ['0.2326']	Acc metric: 500/500 (100.00%)	 AttnAUC: ['98.40']	 avg sec/iter: 0.0058


Train set (epoch 243): [500/500 (100%)]	Loss: 0.1707 (avg: 0.2022), other losses: ['0.1702']	Acc metric: 500/500 (100.00%)	 AttnAUC: ['98.40']	 avg sec/iter: 0.0083


Train set (epoch 244): [500/500 (100%)]	Loss: 0.1263 (avg: 0.1993), other losses: ['0.1259']	Acc metric: 500/500 (100.00%)	 AttnAUC: ['98.40']	 avg sec/iter: 0.0077


Train set (epoch 245): [500/500 (100%)]	Loss: 0.1923 (avg: 0.1988), other losses: ['0.1920']	Acc metric: 500/500 (100.00%)	 AttnAUC: ['98.40']	 avg sec/iter: 0.0055


Train set (epoch 246): [500/500 (100%)]	Loss: 0.2056 (avg: 0.2046), other losses: ['0.2011']	Acc metric: 500/500 (100.00%)	 AttnAUC: ['98.40']	 avg sec/iter: 0.0052


Train set (epoch 247): [500/500 (100%)]	Loss: 0.1653 (avg: 0.1956), other losses: ['0.1622']	Acc metric: 500/500 (100.00%)	 AttnAUC: ['98.40']	 avg sec/iter: 0.0054


Train set (epoch 248): [500/500 (100%)]	Loss: 0.1236 (avg: 0.1950), other losses: ['0.1168']	Acc metric: 500/500 (100.00%)	 AttnAUC: ['98.40']	 avg sec/iter: 0.0044


Train set (epoch 249): [500/500 (100%)]	Loss: 0.2200 (avg: 0.1978), other losses: ['0.2192']	Acc metric: 500/500 (100.00%)	 AttnAUC: ['98.40']	 avg sec/iter: 0.0053


Train set (epoch 250): [500/500 (100%)]	Loss: 0.1130 (avg: 0.1888), other losses: ['0.1100']	Acc metric: 500/500 (100.00%)	 AttnAUC: ['98.40']	 avg sec/iter: 0.0046


Train set (epoch 251): [500/500 (100%)]	Loss: 0.0924 (avg: 0.1861), other losses: ['0.0916']	Acc metric: 500/500 (100.00%)	 AttnAUC: ['98.40']	 avg sec/iter: 0.0050


Train set (epoch 252): [500/500 (100%)]	Loss: 0.1742 (avg: 0.1858), other losses: ['0.1741']	Acc metric: 500/500 (100.00%)	 AttnAUC: ['98.41']	 avg sec/iter: 0.0048


Train set (epoch 253): [500/500 (100%)]	Loss: 0.2611 (avg: 0.1898), other losses: ['0.2606']	Acc metric: 500/500 (100.00%)	 AttnAUC: ['98.41']	 avg sec/iter: 0.0045


Train set (epoch 254): [500/500 (100%)]	Loss: 0.1627 (avg: 0.1928), other losses: ['0.1585']	Acc metric: 500/500 (100.00%)	 AttnAUC: ['98.41']	 avg sec/iter: 0.0051


Train set (epoch 255): [500/500 (100%)]	Loss: 0.1346 (avg: 0.1806), other losses: ['0.1322']	Acc metric: 500/500 (100.00%)	 AttnAUC: ['98.41']	 avg sec/iter: 0.0052


Train set (epoch 256): [500/500 (100%)]	Loss: 0.1189 (avg: 0.1804), other losses: ['0.1186']	Acc metric: 500/500 (100.00%)	 AttnAUC: ['98.41']	 avg sec/iter: 0.0049


Train set (epoch 257): [500/500 (100%)]	Loss: 0.2692 (avg: 0.1801), other losses: ['0.2685']	Acc metric: 500/500 (100.00%)	 AttnAUC: ['98.41']	 avg sec/iter: 0.0050


Train set (epoch 258): [500/500 (100%)]	Loss: 0.1955 (avg: 0.1761), other losses: ['0.1951']	Acc metric: 500/500 (100.00%)	 AttnAUC: ['98.41']	 avg sec/iter: 0.0045


Train set (epoch 259): [500/500 (100%)]	Loss: 0.2097 (avg: 0.1749), other losses: ['0.2093']	Acc metric: 500/500 (100.00%)	 AttnAUC: ['98.41']	 avg sec/iter: 0.0044


Train set (epoch 260): [500/500 (100%)]	Loss: 0.2208 (avg: 0.1739), other losses: ['0.2170']	Acc metric: 500/500 (100.00%)	 AttnAUC: ['98.41']	 avg sec/iter: 0.0046


Train set (epoch 261): [500/500 (100%)]	Loss: 0.2123 (avg: 0.1750), other losses: ['0.2107']	Acc metric: 500/500 (100.00%)	 AttnAUC: ['98.41']	 avg sec/iter: 0.0048


Train set (epoch 262): [500/500 (100%)]	Loss: 0.2089 (avg: 0.1705), other losses: ['0.2074']	Acc metric: 500/500 (100.00%)	 AttnAUC: ['98.41']	 avg sec/iter: 0.0044


Train set (epoch 263): [500/500 (100%)]	Loss: 0.2059 (avg: 0.1702), other losses: ['0.2011']	Acc metric: 500/500 (100.00%)	 AttnAUC: ['98.41']	 avg sec/iter: 0.0042


Train set (epoch 264): [500/500 (100%)]	Loss: 0.1473 (avg: 0.1779), other losses: ['0.1319']	Acc metric: 500/500 (100.00%)	 AttnAUC: ['98.41']	 avg sec/iter: 0.0045


Train set (epoch 265): [500/500 (100%)]	Loss: 0.1673 (avg: 0.1669), other losses: ['0.1664']	Acc metric: 500/500 (100.00%)	 AttnAUC: ['98.41']	 avg sec/iter: 0.0045


Train set (epoch 266): [500/500 (100%)]	Loss: 0.1881 (avg: 0.1636), other losses: ['0.1849']	Acc metric: 500/500 (100.00%)	 AttnAUC: ['98.41']	 avg sec/iter: 0.0042


Train set (epoch 267): [500/500 (100%)]	Loss: 0.2066 (avg: 0.1641), other losses: ['0.2063']	Acc metric: 500/500 (100.00%)	 AttnAUC: ['98.41']	 avg sec/iter: 0.0042


Train set (epoch 268): [500/500 (100%)]	Loss: 0.1117 (avg: 0.1588), other losses: ['0.1110']	Acc metric: 500/500 (100.00%)	 AttnAUC: ['98.41']	 avg sec/iter: 0.0042


Train set (epoch 269): [500/500 (100%)]	Loss: 0.1444 (avg: 0.1607), other losses: ['0.1432']	Acc metric: 500/500 (100.00%)	 AttnAUC: ['98.41']	 avg sec/iter: 0.0042


Train set (epoch 270): [500/500 (100%)]	Loss: 0.1181 (avg: 0.1570), other losses: ['0.1174']	Acc metric: 500/500 (100.00%)	 AttnAUC: ['98.41']	 avg sec/iter: 0.0068


Train set (epoch 271): [500/500 (100%)]	Loss: 0.1481 (avg: 0.1553), other losses: ['0.1472']	Acc metric: 500/500 (100.00%)	 AttnAUC: ['98.41']	 avg sec/iter: 0.0077


Train set (epoch 272): [500/500 (100%)]	Loss: 0.1727 (avg: 0.1559), other losses: ['0.1724']	Acc metric: 500/500 (100.00%)	 AttnAUC: ['98.41']	 avg sec/iter: 0.0057


Train set (epoch 273): [500/500 (100%)]	Loss: 0.2321 (avg: 0.1549), other losses: ['0.2278']	Acc metric: 500/500 (100.00%)	 AttnAUC: ['98.41']	 avg sec/iter: 0.0050


Train set (epoch 274): [500/500 (100%)]	Loss: 0.1752 (avg: 0.1539), other losses: ['0.1738']	Acc metric: 500/500 (100.00%)	 AttnAUC: ['98.41']	 avg sec/iter: 0.0054


Train set (epoch 275): [500/500 (100%)]	Loss: 0.2088 (avg: 0.1511), other losses: ['0.2084']	Acc metric: 500/500 (100.00%)	 AttnAUC: ['98.41']	 avg sec/iter: 0.0054


Train set (epoch 276): [500/500 (100%)]	Loss: 0.2231 (avg: 0.1505), other losses: ['0.2227']	Acc metric: 500/500 (100.00%)	 AttnAUC: ['98.41']	 avg sec/iter: 0.0082


Train set (epoch 277): [500/500 (100%)]	Loss: 0.2017 (avg: 0.1524), other losses: ['0.1875']	Acc metric: 500/500 (100.00%)	 AttnAUC: ['98.41']	 avg sec/iter: 0.0078


Train set (epoch 278): [500/500 (100%)]	Loss: 0.1263 (avg: 0.1548), other losses: ['0.1257']	Acc metric: 500/500 (100.00%)	 AttnAUC: ['98.41']	 avg sec/iter: 0.0076


Train set (epoch 279): [500/500 (100%)]	Loss: 0.1734 (avg: 0.1451), other losses: ['0.1730']	Acc metric: 500/500 (100.00%)	 AttnAUC: ['98.41']	 avg sec/iter: 0.0087


Train set (epoch 280): [500/500 (100%)]	Loss: 0.1159 (avg: 0.1429), other losses: ['0.1152']	Acc metric: 500/500 (100.00%)	 AttnAUC: ['98.41']	 avg sec/iter: 0.0086


Train set (epoch 281): [500/500 (100%)]	Loss: 0.1150 (avg: 0.1413), other losses: ['0.1149']	Acc metric: 500/500 (100.00%)	 AttnAUC: ['98.41']	 avg sec/iter: 0.0067


Train set (epoch 282): [500/500 (100%)]	Loss: 0.1248 (avg: 0.1414), other losses: ['0.1237']	Acc metric: 500/500 (100.00%)	 AttnAUC: ['98.41']	 avg sec/iter: 0.0053


Train set (epoch 283): [500/500 (100%)]	Loss: 0.1543 (avg: 0.1419), other losses: ['0.1541']	Acc metric: 500/500 (100.00%)	 AttnAUC: ['98.41']	 avg sec/iter: 0.0046


Train set (epoch 284): [500/500 (100%)]	Loss: 0.1503 (avg: 0.1417), other losses: ['0.1500']	Acc metric: 500/500 (100.00%)	 AttnAUC: ['98.41']	 avg sec/iter: 0.0053


Train set (epoch 285): [500/500 (100%)]	Loss: 0.1384 (avg: 0.1413), other losses: ['0.1381']	Acc metric: 500/500 (100.00%)	 AttnAUC: ['98.41']	 avg sec/iter: 0.0055


Train set (epoch 286): [500/500 (100%)]	Loss: 0.0923 (avg: 0.1401), other losses: ['0.0922']	Acc metric: 500/500 (100.00%)	 AttnAUC: ['98.41']	 avg sec/iter: 0.0046


Train set (epoch 287): [500/500 (100%)]	Loss: 0.0790 (avg: 0.1396), other losses: ['0.0789']	Acc metric: 500/500 (100.00%)	 AttnAUC: ['98.41']	 avg sec/iter: 0.0046


Train set (epoch 288): [500/500 (100%)]	Loss: 0.1554 (avg: 0.1413), other losses: ['0.1551']	Acc metric: 500/500 (100.00%)	 AttnAUC: ['98.41']	 avg sec/iter: 0.0084


Train set (epoch 289): [500/500 (100%)]	Loss: 0.1069 (avg: 0.1400), other losses: ['0.1066']	Acc metric: 500/500 (100.00%)	 AttnAUC: ['98.41']	 avg sec/iter: 0.0082


Train set (epoch 290): [500/500 (100%)]	Loss: 0.1582 (avg: 0.1411), other losses: ['0.1570']	Acc metric: 500/500 (100.00%)	 AttnAUC: ['98.41']	 avg sec/iter: 0.0101


Train set (epoch 291): [500/500 (100%)]	Loss: 0.1790 (avg: 0.1414), other losses: ['0.1788']	Acc metric: 500/500 (100.00%)	 AttnAUC: ['98.41']	 avg sec/iter: 0.0084


Train set (epoch 292): [500/500 (100%)]	Loss: 0.1027 (avg: 0.1395), other losses: ['0.1025']	Acc metric: 500/500 (100.00%)	 AttnAUC: ['98.41']	 avg sec/iter: 0.0079


Train set (epoch 293): [500/500 (100%)]	Loss: 0.2184 (avg: 0.1421), other losses: ['0.2182']	Acc metric: 500/500 (100.00%)	 AttnAUC: ['98.41']	 avg sec/iter: 0.0072


Train set (epoch 294): [500/500 (100%)]	Loss: 0.1532 (avg: 0.1404), other losses: ['0.1529']	Acc metric: 500/500 (100.00%)	 AttnAUC: ['98.41']	 avg sec/iter: 0.0061


Train set (epoch 295): [500/500 (100%)]	Loss: 0.1621 (avg: 0.1405), other losses: ['0.1618']	Acc metric: 500/500 (100.00%)	 AttnAUC: ['98.41']	 avg sec/iter: 0.0061


Train set (epoch 296): [500/500 (100%)]	Loss: 0.1214 (avg: 0.1394), other losses: ['0.1213']	Acc metric: 500/500 (100.00%)	 AttnAUC: ['98.41']	 avg sec/iter: 0.0061


Train set (epoch 297): [500/500 (100%)]	Loss: 0.1598 (avg: 0.1402), other losses: ['0.1597']	Acc metric: 500/500 (100.00%)	 AttnAUC: ['98.41']	 avg sec/iter: 0.0057


Train set (epoch 298): [500/500 (100%)]	Loss: 0.1545 (avg: 0.1399), other losses: ['0.1544']	Acc metric: 500/500 (100.00%)	 AttnAUC: ['98.41']	 avg sec/iter: 0.0060


Train set (epoch 299): [500/500 (100%)]	Loss: 0.1953 (avg: 0.1407), other losses: ['0.1952']	Acc metric: 500/500 (100.00%)	 AttnAUC: ['98.41']	 avg sec/iter: 0.0050


Train set (epoch 300): [500/500 (100%)]	Loss: 0.0676 (avg: 0.1376), other losses: ['0.0671']	Acc metric: 500/500 (100.00%)	 AttnAUC: ['98.41']	 avg sec/iter: 0.0049


saving the model to ./checkpoints//checkpoint_colors-3_332172_epoch300_seed0000111.pth.tar
lbl: 0, avg acc: 100.00% (58/58)
lbl: 1, avg acc: 100.00% (56/56)
lbl: 2, avg acc: 100.00% (52/52)
lbl: 3, avg acc: 100.00% (56/56)
lbl: 4, avg acc: 100.00% (53/53)
lbl: 5, avg acc: 100.00% (49/49)
lbl: 6, avg acc: 100.00% (49/49)
lbl: 7, avg acc: 100.00% (30/30)
lbl: 8, avg acc: 100.00% (33/33)
lbl: 9, avg acc: 100.00% (35/35)
lbl: 10, avg acc: 100.00% (29/29)
0 <= N_nodes <= 25 (min=4, max=25), avg acc: 100.00% (500/500)
Train set (epoch 300): Avg loss: 0.0003, Acc metric: 500/500 (100.00%)	 AttnAUC: ['98.41']	 avg sec/iter: 0.0074

lbl: 0, avg acc: 100.00% (262/262)
lbl: 1, avg acc: 100.00% (249/249)
lbl: 2, avg acc: 100.00% (258/258)
lbl: 3, avg acc: 100.00% (259/259)
lbl: 4, avg acc: 100.00% (269/269)
lbl: 5, avg acc: 100.00% (236/236)
lbl: 6, avg acc: 100.00% (212/212)
lbl: 7, avg acc: 100.00% (218/218)
lbl: 8, avg acc: 100.00% (196/196)
lbl: 9, avg acc: 100.00% (192/192)
lbl: 10, avg acc: 100.00% (149/149)
0 <= N_nodes <= 25 (min=4, max=25), avg acc: 100.00% (2500/2500)
lbl: 0, avg acc: 100.00% (226/226)
lbl: 1, avg acc: 100.00% (216/216)
lbl: 2, avg acc: 100.00% (223/223)
lbl: 3, avg acc: 100.00% (237/237)
lbl: 4, avg acc: 100.00% (229/229)
lbl: 5, avg acc: 100.00% (231/231)
lbl: 6, avg acc: 100.00% (240/240)
lbl: 7, avg acc: 100.00% (242/242)
lbl: 8, avg acc: 100.00% (213/213)
lbl: 9, avg acc: 100.00% (221/221)
lbl: 10, avg acc: 98.20% (218/222)
26 <= N_nodes <= 200 (min=26, max=200), avg acc: 99.84% (2496/2500)
lbl: 0, avg acc: 90.50% (219/242)
lbl: 1, avg acc: 100.00% (234/234)
lbl: 2, avg acc: 100.00% (225/225)
lbl: 3, avg acc: 100.00% (203/203)
lbl: 4, avg acc: 100.00% (219/219)
lbl: 5, avg acc: 100.00% (230/230)
lbl: 6, avg acc: 100.00% (235/235)
lbl: 7, avg acc: 100.00% (230/230)
lbl: 8, avg acc: 100.00% (229/229)
lbl: 9, avg acc: 100.00% (228/228)
lbl: 10, avg acc: 85.78% (193/225)
26 <= N_nodes <= 200 (min=26, max=200), avg acc: 97.80% (2445/2500)
Test set (epoch 300): Avg loss: 0.0263, Acc metric: 7441/7500 (99.21%)	 AttnAUC: ['99.92']	 avg sec/iter: 0.0108

done in 0:00:31.322673
